
*** Running vivado
    with args -log design_1_smartconnect_0_0.vds -m64 -product Vivado -mode batch -messageDb vivado.pb -notrace -source design_1_smartconnect_0_0.tcl



****** Vivado v2021.1 (64-bit)
  **** SW Build 3247384 on Thu Jun 10 19:36:33 MDT 2021
  **** IP Build 3246043 on Fri Jun 11 00:30:35 MDT 2021
    ** Copyright 1986-2021 Xilinx, Inc. All Rights Reserved.

source design_1_smartconnect_0_0.tcl -notrace
INFO: [IP_Flow 19-234] Refreshing IP repositories
INFO: [IP_Flow 19-1700] Loaded user IP repository 'c:/Users/STPH/AppData/Roaming/Xilinx/Vitis/yolo_v2/solution1/impl/ip'.
INFO: [IP_Flow 19-2313] Loaded Vivado IP repository 'D:/Vivado/2021.1/data/ip'.
Command: synth_design -top design_1_smartconnect_0_0 -part xc7z020clg400-1 -mode out_of_context
Starting synth_design
Attempting to get a license for feature 'Synthesis' and/or device 'xc7z020'
INFO: [Common 17-349] Got license for feature 'Synthesis' and/or device 'xc7z020'
INFO: [Device 21-403] Loading part xc7z020clg400-1
INFO: [Synth 8-7079] Multithreading enabled for synth_design using a maximum of 2 processes.
INFO: [Synth 8-7078] Launching helper process for spawning children vivado processes
INFO: [Synth 8-7075] Helper process launched with PID 15292
---------------------------------------------------------------------------------
Starting RTL Elaboration : Time (s): cpu = 00:00:10 ; elapsed = 00:00:17 . Memory (MB): peak = 1310.004 ; gain = 0.000
---------------------------------------------------------------------------------
INFO: [Synth 8-6157] synthesizing module 'design_1_smartconnect_0_0' [c:/Users/STPH/yolo_v2/yolo_v2.gen/sources_1/bd/design_1/ip/design_1_smartconnect_0_0/synth/design_1_smartconnect_0_0.v:57]
INFO: [Synth 8-6157] synthesizing module 'bd_48ac' [c:/Users/STPH/yolo_v2/yolo_v2.gen/sources_1/bd/design_1/ip/design_1_smartconnect_0_0/bd_0/synth/bd_48ac.v:10]
INFO: [Synth 8-6157] synthesizing module 'clk_map_imp_1NMB928' [c:/Users/STPH/yolo_v2/yolo_v2.gen/sources_1/bd/design_1/ip/design_1_smartconnect_0_0/bd_0/synth/bd_48ac.v:763]
INFO: [Synth 8-6157] synthesizing module 'bd_48ac_one_0' [c:/Users/STPH/yolo_v2/yolo_v2.gen/sources_1/bd/design_1/ip/design_1_smartconnect_0_0/bd_0/ip/ip_0/synth/bd_48ac_one_0.v:57]
INFO: [Synth 8-6157] synthesizing module 'xlconstant_v1_1_7_xlconstant' [c:/Users/STPH/yolo_v2/yolo_v2.gen/sources_1/bd/design_1/ipshared/fcfc/hdl/xlconstant_v1_1_vl_rfs.v:23]
INFO: [Synth 8-6155] done synthesizing module 'xlconstant_v1_1_7_xlconstant' (1#1) [c:/Users/STPH/yolo_v2/yolo_v2.gen/sources_1/bd/design_1/ipshared/fcfc/hdl/xlconstant_v1_1_vl_rfs.v:23]
INFO: [Synth 8-6155] done synthesizing module 'bd_48ac_one_0' (2#1) [c:/Users/STPH/yolo_v2/yolo_v2.gen/sources_1/bd/design_1/ip/design_1_smartconnect_0_0/bd_0/ip/ip_0/synth/bd_48ac_one_0.v:57]
INFO: [Synth 8-638] synthesizing module 'bd_48ac_psr_aclk_0' [c:/Users/STPH/yolo_v2/yolo_v2.gen/sources_1/bd/design_1/ip/design_1_smartconnect_0_0/bd_0/ip/ip_1/synth/bd_48ac_psr_aclk_0.vhd:74]
	Parameter C_FAMILY bound to: zynq - type: string 
	Parameter C_EXT_RST_WIDTH bound to: 4 - type: integer 
	Parameter C_AUX_RST_WIDTH bound to: 1 - type: integer 
	Parameter C_EXT_RESET_HIGH bound to: 1'b0 
	Parameter C_AUX_RESET_HIGH bound to: 1'b0 
	Parameter C_NUM_BUS_RST bound to: 1 - type: integer 
	Parameter C_NUM_PERP_RST bound to: 1 - type: integer 
	Parameter C_NUM_INTERCONNECT_ARESETN bound to: 1 - type: integer 
	Parameter C_NUM_PERP_ARESETN bound to: 1 - type: integer 
INFO: [Synth 8-3491] module 'proc_sys_reset' declared at 'c:/Users/STPH/yolo_v2/yolo_v2.gen/sources_1/bd/design_1/ipshared/8842/hdl/proc_sys_reset_v5_0_vh_rfs.vhd:1264' bound to instance 'U0' of component 'proc_sys_reset' [c:/Users/STPH/yolo_v2/yolo_v2.gen/sources_1/bd/design_1/ip/design_1_smartconnect_0_0/bd_0/ip/ip_1/synth/bd_48ac_psr_aclk_0.vhd:129]
INFO: [Synth 8-638] synthesizing module 'proc_sys_reset' [c:/Users/STPH/yolo_v2/yolo_v2.gen/sources_1/bd/design_1/ipshared/8842/hdl/proc_sys_reset_v5_0_vh_rfs.vhd:1323]
	Parameter INIT bound to: 1'b1 
INFO: [Synth 8-113] binding component instance 'FDRE_inst' to cell 'FDRE' [c:/Users/STPH/yolo_v2/yolo_v2.gen/sources_1/bd/design_1/ipshared/8842/hdl/proc_sys_reset_v5_0_vh_rfs.vhd:1392]
	Parameter INIT bound to: 1'b1 
INFO: [Synth 8-113] binding component instance 'FDRE_BSR' to cell 'FDRE' [c:/Users/STPH/yolo_v2/yolo_v2.gen/sources_1/bd/design_1/ipshared/8842/hdl/proc_sys_reset_v5_0_vh_rfs.vhd:1408]
	Parameter INIT bound to: 1'b0 
INFO: [Synth 8-113] binding component instance 'FDRE_BSR_N' to cell 'FDRE' [c:/Users/STPH/yolo_v2/yolo_v2.gen/sources_1/bd/design_1/ipshared/8842/hdl/proc_sys_reset_v5_0_vh_rfs.vhd:1434]
	Parameter INIT bound to: 1'b1 
INFO: [Synth 8-113] binding component instance 'FDRE_PER' to cell 'FDRE' [c:/Users/STPH/yolo_v2/yolo_v2.gen/sources_1/bd/design_1/ipshared/8842/hdl/proc_sys_reset_v5_0_vh_rfs.vhd:1457]
	Parameter INIT bound to: 1'b0 
INFO: [Synth 8-113] binding component instance 'FDRE_PER_N' to cell 'FDRE' [c:/Users/STPH/yolo_v2/yolo_v2.gen/sources_1/bd/design_1/ipshared/8842/hdl/proc_sys_reset_v5_0_vh_rfs.vhd:1481]
INFO: [Synth 8-638] synthesizing module 'lpf' [c:/Users/STPH/yolo_v2/yolo_v2.gen/sources_1/bd/design_1/ipshared/8842/hdl/proc_sys_reset_v5_0_vh_rfs.vhd:816]
INFO: [Synth 8-3491] module 'SRL16' declared at 'D:/Vivado/2021.1/scripts/rt/data/unisim_comp.v:100945' bound to instance 'POR_SRL_I' of component 'SRL16' [c:/Users/STPH/yolo_v2/yolo_v2.gen/sources_1/bd/design_1/ipshared/8842/hdl/proc_sys_reset_v5_0_vh_rfs.vhd:868]
INFO: [Synth 8-6157] synthesizing module 'SRL16' [D:/Vivado/2021.1/scripts/rt/data/unisim_comp.v:100945]
INFO: [Synth 8-6155] done synthesizing module 'SRL16' (3#1) [D:/Vivado/2021.1/scripts/rt/data/unisim_comp.v:100945]
INFO: [Synth 8-638] synthesizing module 'cdc_sync' [c:/Users/STPH/yolo_v2/yolo_v2.gen/sources_1/bd/design_1/ipshared/ef1e/hdl/lib_cdc_v1_0_rfs.vhd:106]
	Parameter INIT bound to: 1'b0 
INFO: [Synth 8-113] binding component instance 'CROSS_PLEVEL_IN2SCNDRY_IN_cdc_to' to cell 'FDR' [c:/Users/STPH/yolo_v2/yolo_v2.gen/sources_1/bd/design_1/ipshared/ef1e/hdl/lib_cdc_v1_0_rfs.vhd:514]
	Parameter INIT bound to: 1'b0 
INFO: [Synth 8-113] binding component instance 'CROSS_PLEVEL_IN2SCNDRY_s_level_out_d2' to cell 'FDR' [c:/Users/STPH/yolo_v2/yolo_v2.gen/sources_1/bd/design_1/ipshared/ef1e/hdl/lib_cdc_v1_0_rfs.vhd:545]
	Parameter INIT bound to: 1'b0 
INFO: [Synth 8-113] binding component instance 'CROSS_PLEVEL_IN2SCNDRY_s_level_out_d3' to cell 'FDR' [c:/Users/STPH/yolo_v2/yolo_v2.gen/sources_1/bd/design_1/ipshared/ef1e/hdl/lib_cdc_v1_0_rfs.vhd:554]
	Parameter INIT bound to: 1'b0 
INFO: [Synth 8-113] binding component instance 'CROSS_PLEVEL_IN2SCNDRY_s_level_out_d4' to cell 'FDR' [c:/Users/STPH/yolo_v2/yolo_v2.gen/sources_1/bd/design_1/ipshared/ef1e/hdl/lib_cdc_v1_0_rfs.vhd:564]
	Parameter INIT bound to: 1'b0 
INFO: [Synth 8-113] binding component instance 'CROSS_PLEVEL_IN2SCNDRY_s_level_out_d5' to cell 'FDR' [c:/Users/STPH/yolo_v2/yolo_v2.gen/sources_1/bd/design_1/ipshared/ef1e/hdl/lib_cdc_v1_0_rfs.vhd:574]
	Parameter INIT bound to: 1'b0 
INFO: [Synth 8-113] binding component instance 'CROSS_PLEVEL_IN2SCNDRY_s_level_out_d6' to cell 'FDR' [c:/Users/STPH/yolo_v2/yolo_v2.gen/sources_1/bd/design_1/ipshared/ef1e/hdl/lib_cdc_v1_0_rfs.vhd:584]
INFO: [Synth 8-256] done synthesizing module 'cdc_sync' (4#1) [c:/Users/STPH/yolo_v2/yolo_v2.gen/sources_1/bd/design_1/ipshared/ef1e/hdl/lib_cdc_v1_0_rfs.vhd:106]
INFO: [Synth 8-256] done synthesizing module 'lpf' (5#1) [c:/Users/STPH/yolo_v2/yolo_v2.gen/sources_1/bd/design_1/ipshared/8842/hdl/proc_sys_reset_v5_0_vh_rfs.vhd:816]
INFO: [Synth 8-638] synthesizing module 'sequence_psr' [c:/Users/STPH/yolo_v2/yolo_v2.gen/sources_1/bd/design_1/ipshared/8842/hdl/proc_sys_reset_v5_0_vh_rfs.vhd:301]
INFO: [Synth 8-638] synthesizing module 'upcnt_n' [c:/Users/STPH/yolo_v2/yolo_v2.gen/sources_1/bd/design_1/ipshared/8842/hdl/proc_sys_reset_v5_0_vh_rfs.vhd:125]
INFO: [Synth 8-256] done synthesizing module 'upcnt_n' (6#1) [c:/Users/STPH/yolo_v2/yolo_v2.gen/sources_1/bd/design_1/ipshared/8842/hdl/proc_sys_reset_v5_0_vh_rfs.vhd:125]
INFO: [Synth 8-256] done synthesizing module 'sequence_psr' (7#1) [c:/Users/STPH/yolo_v2/yolo_v2.gen/sources_1/bd/design_1/ipshared/8842/hdl/proc_sys_reset_v5_0_vh_rfs.vhd:301]
INFO: [Synth 8-256] done synthesizing module 'proc_sys_reset' (8#1) [c:/Users/STPH/yolo_v2/yolo_v2.gen/sources_1/bd/design_1/ipshared/8842/hdl/proc_sys_reset_v5_0_vh_rfs.vhd:1323]
INFO: [Synth 8-256] done synthesizing module 'bd_48ac_psr_aclk_0' (9#1) [c:/Users/STPH/yolo_v2/yolo_v2.gen/sources_1/bd/design_1/ip/design_1_smartconnect_0_0/bd_0/ip/ip_1/synth/bd_48ac_psr_aclk_0.vhd:74]
WARNING: [Synth 8-7071] port 'mb_reset' of module 'bd_48ac_psr_aclk_0' is unconnected for instance 'psr_aclk' [c:/Users/STPH/yolo_v2/yolo_v2.gen/sources_1/bd/design_1/ip/design_1_smartconnect_0_0/bd_0/synth/bd_48ac.v:798]
WARNING: [Synth 8-7071] port 'bus_struct_reset' of module 'bd_48ac_psr_aclk_0' is unconnected for instance 'psr_aclk' [c:/Users/STPH/yolo_v2/yolo_v2.gen/sources_1/bd/design_1/ip/design_1_smartconnect_0_0/bd_0/synth/bd_48ac.v:798]
WARNING: [Synth 8-7071] port 'peripheral_reset' of module 'bd_48ac_psr_aclk_0' is unconnected for instance 'psr_aclk' [c:/Users/STPH/yolo_v2/yolo_v2.gen/sources_1/bd/design_1/ip/design_1_smartconnect_0_0/bd_0/synth/bd_48ac.v:798]
WARNING: [Synth 8-7071] port 'peripheral_aresetn' of module 'bd_48ac_psr_aclk_0' is unconnected for instance 'psr_aclk' [c:/Users/STPH/yolo_v2/yolo_v2.gen/sources_1/bd/design_1/ip/design_1_smartconnect_0_0/bd_0/synth/bd_48ac.v:798]
WARNING: [Synth 8-7023] instance 'psr_aclk' of module 'bd_48ac_psr_aclk_0' has 10 connections declared, but only 6 given [c:/Users/STPH/yolo_v2/yolo_v2.gen/sources_1/bd/design_1/ip/design_1_smartconnect_0_0/bd_0/synth/bd_48ac.v:798]
INFO: [Synth 8-6155] done synthesizing module 'clk_map_imp_1NMB928' (10#1) [c:/Users/STPH/yolo_v2/yolo_v2.gen/sources_1/bd/design_1/ip/design_1_smartconnect_0_0/bd_0/synth/bd_48ac.v:763]
INFO: [Synth 8-6157] synthesizing module 'm00_exit_pipeline_imp_CVVFJV' [c:/Users/STPH/yolo_v2/yolo_v2.gen/sources_1/bd/design_1/ip/design_1_smartconnect_0_0/bd_0/synth/bd_48ac.v:807]
INFO: [Synth 8-6157] synthesizing module 'bd_48ac_m00e_0' [c:/Users/STPH/yolo_v2/yolo_v2.gen/sources_1/bd/design_1/ip/design_1_smartconnect_0_0/bd_0/ip/ip_12/synth/bd_48ac_m00e_0.sv:58]
INFO: [Synth 8-6157] synthesizing module 'xpm_cdc_async_rst' [D:/Vivado/2021.1/data/ip/xpm/xpm_cdc/hdl/xpm_cdc.sv:1175]
INFO: [Synth 8-6155] done synthesizing module 'xpm_cdc_async_rst' (11#1) [D:/Vivado/2021.1/data/ip/xpm/xpm_cdc/hdl/xpm_cdc.sv:1175]
INFO: [Synth 8-6155] done synthesizing module 'bd_48ac_m00e_0' (21#1) [c:/Users/STPH/yolo_v2/yolo_v2.gen/sources_1/bd/design_1/ip/design_1_smartconnect_0_0/bd_0/ip/ip_12/synth/bd_48ac_m00e_0.sv:58]
INFO: [Synth 8-6155] done synthesizing module 'm00_exit_pipeline_imp_CVVFJV' (22#1) [c:/Users/STPH/yolo_v2/yolo_v2.gen/sources_1/bd/design_1/ip/design_1_smartconnect_0_0/bd_0/synth/bd_48ac.v:807]
INFO: [Synth 8-6157] synthesizing module 'bd_48ac_m00s2a_0' [c:/Users/STPH/yolo_v2/yolo_v2.gen/sources_1/bd/design_1/ip/design_1_smartconnect_0_0/bd_0/ip/ip_11/synth/bd_48ac_m00s2a_0.sv:58]
INFO: [Synth 8-6155] done synthesizing module 'bd_48ac_m00s2a_0' (24#1) [c:/Users/STPH/yolo_v2/yolo_v2.gen/sources_1/bd/design_1/ip/design_1_smartconnect_0_0/bd_0/ip/ip_11/synth/bd_48ac_m00s2a_0.sv:58]
INFO: [Synth 8-6157] synthesizing module 'bd_48ac_s00a2s_0' [c:/Users/STPH/yolo_v2/yolo_v2.gen/sources_1/bd/design_1/ip/design_1_smartconnect_0_0/bd_0/ip/ip_5/synth/bd_48ac_s00a2s_0.sv:58]
INFO: [Synth 8-6155] done synthesizing module 'bd_48ac_s00a2s_0' (26#1) [c:/Users/STPH/yolo_v2/yolo_v2.gen/sources_1/bd/design_1/ip/design_1_smartconnect_0_0/bd_0/ip/ip_5/synth/bd_48ac_s00a2s_0.sv:58]
INFO: [Synth 8-6157] synthesizing module 's00_entry_pipeline_imp_1C3JDRS' [c:/Users/STPH/yolo_v2/yolo_v2.gen/sources_1/bd/design_1/ip/design_1_smartconnect_0_0/bd_0/synth/bd_48ac.v:1178]
INFO: [Synth 8-6157] synthesizing module 'bd_48ac_s00mmu_0' [c:/Users/STPH/yolo_v2/yolo_v2.gen/sources_1/bd/design_1/ip/design_1_smartconnect_0_0/bd_0/ip/ip_2/synth/bd_48ac_s00mmu_0.sv:58]
INFO: [Synth 8-6155] done synthesizing module 'bd_48ac_s00mmu_0' (29#1) [c:/Users/STPH/yolo_v2/yolo_v2.gen/sources_1/bd/design_1/ip/design_1_smartconnect_0_0/bd_0/ip/ip_2/synth/bd_48ac_s00mmu_0.sv:58]
INFO: [Synth 8-6157] synthesizing module 'bd_48ac_s00sic_0' [c:/Users/STPH/yolo_v2/yolo_v2.gen/sources_1/bd/design_1/ip/design_1_smartconnect_0_0/bd_0/ip/ip_4/synth/bd_48ac_s00sic_0.sv:58]
INFO: [Synth 8-6155] done synthesizing module 'bd_48ac_s00sic_0' (32#1) [c:/Users/STPH/yolo_v2/yolo_v2.gen/sources_1/bd/design_1/ip/design_1_smartconnect_0_0/bd_0/ip/ip_4/synth/bd_48ac_s00sic_0.sv:58]
INFO: [Synth 8-6157] synthesizing module 'bd_48ac_s00tr_0' [c:/Users/STPH/yolo_v2/yolo_v2.gen/sources_1/bd/design_1/ip/design_1_smartconnect_0_0/bd_0/ip/ip_3/synth/bd_48ac_s00tr_0.sv:58]
INFO: [Synth 8-6155] done synthesizing module 'bd_48ac_s00tr_0' (35#1) [c:/Users/STPH/yolo_v2/yolo_v2.gen/sources_1/bd/design_1/ip/design_1_smartconnect_0_0/bd_0/ip/ip_3/synth/bd_48ac_s00tr_0.sv:58]
WARNING: [Synth 8-7071] port 'm_axi_awburst' of module 'bd_48ac_s00tr_0' is unconnected for instance 's00_transaction_regulator' [c:/Users/STPH/yolo_v2/yolo_v2.gen/sources_1/bd/design_1/ip/design_1_smartconnect_0_0/bd_0/synth/bd_48ac.v:1706]
WARNING: [Synth 8-7071] port 'm_axi_arburst' of module 'bd_48ac_s00tr_0' is unconnected for instance 's00_transaction_regulator' [c:/Users/STPH/yolo_v2/yolo_v2.gen/sources_1/bd/design_1/ip/design_1_smartconnect_0_0/bd_0/synth/bd_48ac.v:1706]
WARNING: [Synth 8-7023] instance 's00_transaction_regulator' of module 'bd_48ac_s00tr_0' has 82 connections declared, but only 80 given [c:/Users/STPH/yolo_v2/yolo_v2.gen/sources_1/bd/design_1/ip/design_1_smartconnect_0_0/bd_0/synth/bd_48ac.v:1706]
INFO: [Synth 8-6155] done synthesizing module 's00_entry_pipeline_imp_1C3JDRS' (36#1) [c:/Users/STPH/yolo_v2/yolo_v2.gen/sources_1/bd/design_1/ip/design_1_smartconnect_0_0/bd_0/synth/bd_48ac.v:1178]
INFO: [Synth 8-6157] synthesizing module 's00_nodes_imp_1FAO4F6' [c:/Users/STPH/yolo_v2/yolo_v2.gen/sources_1/bd/design_1/ip/design_1_smartconnect_0_0/bd_0/synth/bd_48ac.v:1789]
INFO: [Synth 8-6157] synthesizing module 'bd_48ac_sarn_0' [c:/Users/STPH/yolo_v2/yolo_v2.gen/sources_1/bd/design_1/ip/design_1_smartconnect_0_0/bd_0/ip/ip_6/synth/bd_48ac_sarn_0.sv:58]
INFO: [Synth 8-6157] synthesizing module 'xpm_memory_sdpram' [D:/Vivado/2021.1/data/ip/xpm/xpm_memory/hdl/xpm_memory.sv:8435]
INFO: [Synth 8-6157] synthesizing module 'xpm_memory_base' [D:/Vivado/2021.1/data/ip/xpm/xpm_memory/hdl/xpm_memory.sv:57]
INFO: [Synth 8-6155] done synthesizing module 'xpm_memory_base' (41#1) [D:/Vivado/2021.1/data/ip/xpm/xpm_memory/hdl/xpm_memory.sv:57]
INFO: [Synth 8-6155] done synthesizing module 'xpm_memory_sdpram' (42#1) [D:/Vivado/2021.1/data/ip/xpm/xpm_memory/hdl/xpm_memory.sv:8435]
INFO: [Synth 8-6155] done synthesizing module 'bd_48ac_sarn_0' (51#1) [c:/Users/STPH/yolo_v2/yolo_v2.gen/sources_1/bd/design_1/ip/design_1_smartconnect_0_0/bd_0/ip/ip_6/synth/bd_48ac_sarn_0.sv:58]
INFO: [Synth 8-6157] synthesizing module 'bd_48ac_sawn_0' [c:/Users/STPH/yolo_v2/yolo_v2.gen/sources_1/bd/design_1/ip/design_1_smartconnect_0_0/bd_0/ip/ip_8/synth/bd_48ac_sawn_0.sv:58]
INFO: [Synth 8-6155] done synthesizing module 'bd_48ac_sawn_0' (52#1) [c:/Users/STPH/yolo_v2/yolo_v2.gen/sources_1/bd/design_1/ip/design_1_smartconnect_0_0/bd_0/ip/ip_8/synth/bd_48ac_sawn_0.sv:58]
INFO: [Synth 8-6157] synthesizing module 'bd_48ac_sbn_0' [c:/Users/STPH/yolo_v2/yolo_v2.gen/sources_1/bd/design_1/ip/design_1_smartconnect_0_0/bd_0/ip/ip_10/synth/bd_48ac_sbn_0.sv:58]
INFO: [Synth 8-6157] synthesizing module 'xpm_memory_sdpram__parameterized0' [D:/Vivado/2021.1/data/ip/xpm/xpm_memory/hdl/xpm_memory.sv:8435]
INFO: [Synth 8-6157] synthesizing module 'xpm_memory_base__parameterized0' [D:/Vivado/2021.1/data/ip/xpm/xpm_memory/hdl/xpm_memory.sv:57]
INFO: [Synth 8-6155] done synthesizing module 'xpm_memory_base__parameterized0' (52#1) [D:/Vivado/2021.1/data/ip/xpm/xpm_memory/hdl/xpm_memory.sv:57]
INFO: [Synth 8-6155] done synthesizing module 'xpm_memory_sdpram__parameterized0' (52#1) [D:/Vivado/2021.1/data/ip/xpm/xpm_memory/hdl/xpm_memory.sv:8435]
INFO: [Synth 8-6155] done synthesizing module 'bd_48ac_sbn_0' (53#1) [c:/Users/STPH/yolo_v2/yolo_v2.gen/sources_1/bd/design_1/ip/design_1_smartconnect_0_0/bd_0/ip/ip_10/synth/bd_48ac_sbn_0.sv:58]
INFO: [Synth 8-6157] synthesizing module 'bd_48ac_srn_0' [c:/Users/STPH/yolo_v2/yolo_v2.gen/sources_1/bd/design_1/ip/design_1_smartconnect_0_0/bd_0/ip/ip_7/synth/bd_48ac_srn_0.sv:58]
INFO: [Synth 8-6157] synthesizing module 'xpm_memory_sdpram__parameterized1' [D:/Vivado/2021.1/data/ip/xpm/xpm_memory/hdl/xpm_memory.sv:8435]
INFO: [Synth 8-6157] synthesizing module 'xpm_memory_base__parameterized1' [D:/Vivado/2021.1/data/ip/xpm/xpm_memory/hdl/xpm_memory.sv:57]
INFO: [Synth 8-6155] done synthesizing module 'xpm_memory_base__parameterized1' (54#1) [D:/Vivado/2021.1/data/ip/xpm/xpm_memory/hdl/xpm_memory.sv:57]
INFO: [Synth 8-6155] done synthesizing module 'xpm_memory_sdpram__parameterized1' (54#1) [D:/Vivado/2021.1/data/ip/xpm/xpm_memory/hdl/xpm_memory.sv:8435]
INFO: [Synth 8-6155] done synthesizing module 'bd_48ac_srn_0' (55#1) [c:/Users/STPH/yolo_v2/yolo_v2.gen/sources_1/bd/design_1/ip/design_1_smartconnect_0_0/bd_0/ip/ip_7/synth/bd_48ac_srn_0.sv:58]
INFO: [Synth 8-6157] synthesizing module 'bd_48ac_swn_0' [c:/Users/STPH/yolo_v2/yolo_v2.gen/sources_1/bd/design_1/ip/design_1_smartconnect_0_0/bd_0/ip/ip_9/synth/bd_48ac_swn_0.sv:58]
INFO: [Synth 8-6157] synthesizing module 'xpm_memory_sdpram__parameterized2' [D:/Vivado/2021.1/data/ip/xpm/xpm_memory/hdl/xpm_memory.sv:8435]
INFO: [Synth 8-6157] synthesizing module 'xpm_memory_base__parameterized2' [D:/Vivado/2021.1/data/ip/xpm/xpm_memory/hdl/xpm_memory.sv:57]
INFO: [Synth 8-6155] done synthesizing module 'xpm_memory_base__parameterized2' (57#1) [D:/Vivado/2021.1/data/ip/xpm/xpm_memory/hdl/xpm_memory.sv:57]
INFO: [Synth 8-6155] done synthesizing module 'xpm_memory_sdpram__parameterized2' (57#1) [D:/Vivado/2021.1/data/ip/xpm/xpm_memory/hdl/xpm_memory.sv:8435]
INFO: [Synth 8-6155] done synthesizing module 'bd_48ac_swn_0' (58#1) [c:/Users/STPH/yolo_v2/yolo_v2.gen/sources_1/bd/design_1/ip/design_1_smartconnect_0_0/bd_0/ip/ip_9/synth/bd_48ac_swn_0.sv:58]
INFO: [Synth 8-6155] done synthesizing module 's00_nodes_imp_1FAO4F6' (59#1) [c:/Users/STPH/yolo_v2/yolo_v2.gen/sources_1/bd/design_1/ip/design_1_smartconnect_0_0/bd_0/synth/bd_48ac.v:1789]
INFO: [Synth 8-6155] done synthesizing module 'bd_48ac' (60#1) [c:/Users/STPH/yolo_v2/yolo_v2.gen/sources_1/bd/design_1/ip/design_1_smartconnect_0_0/bd_0/synth/bd_48ac.v:10]
INFO: [Synth 8-6155] done synthesizing module 'design_1_smartconnect_0_0' (61#1) [c:/Users/STPH/yolo_v2/yolo_v2.gen/sources_1/bd/design_1/ip/design_1_smartconnect_0_0/synth/design_1_smartconnect_0_0.v:57]
---------------------------------------------------------------------------------
Finished RTL Elaboration : Time (s): cpu = 00:00:17 ; elapsed = 00:00:24 . Memory (MB): peak = 1366.152 ; gain = 56.148
---------------------------------------------------------------------------------
---------------------------------------------------------------------------------
Start Handling Custom Attributes
---------------------------------------------------------------------------------
---------------------------------------------------------------------------------
Finished Handling Custom Attributes : Time (s): cpu = 00:00:18 ; elapsed = 00:00:26 . Memory (MB): peak = 1387.062 ; gain = 77.059
---------------------------------------------------------------------------------
---------------------------------------------------------------------------------
Finished RTL Optimization Phase 1 : Time (s): cpu = 00:00:18 ; elapsed = 00:00:26 . Memory (MB): peak = 1387.062 ; gain = 77.059
---------------------------------------------------------------------------------
Netlist sorting complete. Time (s): cpu = 00:00:03 ; elapsed = 00:00:04 . Memory (MB): peak = 1390.875 ; gain = 3.316
INFO: [Netlist 29-17] Analyzing 13 Unisim elements for replacement
INFO: [Netlist 29-28] Unisim Transformation completed in 0 CPU seconds
INFO: [Project 1-570] Preparing netlist for logic optimization

Processing XDC Constraints
Initializing timing engine
Parsing XDC File [c:/Users/STPH/yolo_v2/yolo_v2.gen/sources_1/bd/design_1/ip/design_1_smartconnect_0_0/ooc.xdc] for cell 'inst'
Finished Parsing XDC File [c:/Users/STPH/yolo_v2/yolo_v2.gen/sources_1/bd/design_1/ip/design_1_smartconnect_0_0/ooc.xdc] for cell 'inst'
Parsing XDC File [c:/Users/STPH/yolo_v2/yolo_v2.gen/sources_1/bd/design_1/ip/design_1_smartconnect_0_0/bd_0/ip/ip_1/bd_48ac_psr_aclk_0_board.xdc] for cell 'inst/clk_map/psr_aclk/U0'
Finished Parsing XDC File [c:/Users/STPH/yolo_v2/yolo_v2.gen/sources_1/bd/design_1/ip/design_1_smartconnect_0_0/bd_0/ip/ip_1/bd_48ac_psr_aclk_0_board.xdc] for cell 'inst/clk_map/psr_aclk/U0'
Parsing XDC File [c:/Users/STPH/yolo_v2/yolo_v2.gen/sources_1/bd/design_1/ip/design_1_smartconnect_0_0/bd_0/ip/ip_1/bd_48ac_psr_aclk_0.xdc] for cell 'inst/clk_map/psr_aclk/U0'
Finished Parsing XDC File [c:/Users/STPH/yolo_v2/yolo_v2.gen/sources_1/bd/design_1/ip/design_1_smartconnect_0_0/bd_0/ip/ip_1/bd_48ac_psr_aclk_0.xdc] for cell 'inst/clk_map/psr_aclk/U0'
Parsing XDC File [C:/Users/STPH/yolo_v2/yolo_v2.runs/design_1_smartconnect_0_0_synth_1/dont_touch.xdc]
Finished Parsing XDC File [C:/Users/STPH/yolo_v2/yolo_v2.runs/design_1_smartconnect_0_0_synth_1/dont_touch.xdc]
WARNING: [Vivado 12-180] No cells matched 'get_cells -hier -filter {PRIMITIVE_SUBGROUP==LUTRAM || PRIMITIVE_SUBGROUP==dram || PRIMITIVE_SUBGROUP==uram || PRIMITIVE_SUBGROUP==BRAM}'. [D:/Vivado/2021.1/data/ip/xpm/xpm_memory/tcl/xpm_memory_xdc.tcl:3]
WARNING: [Vivado 12-180] No cells matched 'get_cells -hier -filter {PRIMITIVE_SUBGROUP==LUTRAM || PRIMITIVE_SUBGROUP==dram || PRIMITIVE_SUBGROUP==uram || PRIMITIVE_SUBGROUP==BRAM}'. [D:/Vivado/2021.1/data/ip/xpm/xpm_memory/tcl/xpm_memory_xdc.tcl:3]
WARNING: [Vivado 12-180] No cells matched 'get_cells -hier -filter {PRIMITIVE_SUBGROUP==LUTRAM || PRIMITIVE_SUBGROUP==dram || PRIMITIVE_SUBGROUP==uram || PRIMITIVE_SUBGROUP==BRAM}'. [D:/Vivado/2021.1/data/ip/xpm/xpm_memory/tcl/xpm_memory_xdc.tcl:3]
WARNING: [Vivado 12-180] No cells matched 'get_cells -hier -filter {PRIMITIVE_SUBGROUP==LUTRAM || PRIMITIVE_SUBGROUP==dram || PRIMITIVE_SUBGROUP==uram || PRIMITIVE_SUBGROUP==BRAM}'. [D:/Vivado/2021.1/data/ip/xpm/xpm_memory/tcl/xpm_memory_xdc.tcl:3]
WARNING: [Vivado 12-180] No cells matched 'get_cells -hier -filter {PRIMITIVE_SUBGROUP==LUTRAM || PRIMITIVE_SUBGROUP==dram || PRIMITIVE_SUBGROUP==uram || PRIMITIVE_SUBGROUP==BRAM}'. [D:/Vivado/2021.1/data/ip/xpm/xpm_memory/tcl/xpm_memory_xdc.tcl:3]
INFO: [Project 1-236] Implementation specific constraints were found while reading constraint file [D:/Vivado/2021.1/data/ip/xpm/xpm_memory/tcl/xpm_memory_xdc.tcl]. These constraints will be ignored for synthesis but will be used in implementation. Impacted constraints are listed in the file [.Xil/design_1_smartconnect_0_0_propImpl.xdc].
Resolution: To avoid this warning, move constraints listed in [.Xil/design_1_smartconnect_0_0_propImpl.xdc] to another XDC file and exclude this new file from synthesis with the used_in_synthesis property (File Properties dialog in GUI) and re-run elaboration/synthesis.
INFO: [Project 1-1714] 19 XPM XDC files have been applied to the design.
Completed Processing XDC Constraints

Netlist sorting complete. Time (s): cpu = 00:00:00 ; elapsed = 00:00:00.006 . Memory (MB): peak = 1732.543 ; gain = 0.000
INFO: [Project 1-111] Unisim Transformation Summary:
  A total of 13 instances were transformed.
  FDR => FDRE: 12 instances
  SRL16 => SRL16E: 1 instance 

Constraint Validation Runtime : Time (s): cpu = 00:00:01 ; elapsed = 00:00:00.307 . Memory (MB): peak = 1740.938 ; gain = 8.395
---------------------------------------------------------------------------------
Finished Constraint Validation : Time (s): cpu = 00:00:53 ; elapsed = 00:01:03 . Memory (MB): peak = 1740.938 ; gain = 430.934
---------------------------------------------------------------------------------
---------------------------------------------------------------------------------
Start Loading Part and Timing Information
---------------------------------------------------------------------------------
Loading part: xc7z020clg400-1
---------------------------------------------------------------------------------
Finished Loading Part and Timing Information : Time (s): cpu = 00:00:53 ; elapsed = 00:01:03 . Memory (MB): peak = 1740.938 ; gain = 430.934
---------------------------------------------------------------------------------
---------------------------------------------------------------------------------
Start Applying 'set_property' XDC Constraints
---------------------------------------------------------------------------------
Applied set_property KEEP_HIERARCHY = SOFT for inst. (constraint file  C:/Users/STPH/yolo_v2/yolo_v2.runs/design_1_smartconnect_0_0_synth_1/dont_touch.xdc, line 71).
Applied set_property KEEP_HIERARCHY = SOFT for inst/s00_nodes/s00_ar_node/inst/m_sc_xpm_cdc_async_rst_inst. (constraint file  auto generated constraint).
Applied set_property KEEP_HIERARCHY = SOFT for inst/s00_nodes/s00_aw_node/inst/m_sc_xpm_cdc_async_rst_inst. (constraint file  auto generated constraint).
Applied set_property KEEP_HIERARCHY = SOFT for inst/s00_nodes/s00_b_node/inst/m_sc_xpm_cdc_async_rst_inst. (constraint file  auto generated constraint).
Applied set_property KEEP_HIERARCHY = SOFT for inst/s00_nodes/s00_r_node/inst/m_sc_xpm_cdc_async_rst_inst. (constraint file  auto generated constraint).
Applied set_property KEEP_HIERARCHY = SOFT for inst/s00_nodes/s00_w_node/inst/m_sc_xpm_cdc_async_rst_inst. (constraint file  auto generated constraint).
Applied set_property KEEP_HIERARCHY = SOFT for inst/s00_nodes/s00_ar_node/inst/s_sc_xpm_cdc_async_rst_inst. (constraint file  auto generated constraint).
Applied set_property KEEP_HIERARCHY = SOFT for inst/s00_nodes/s00_aw_node/inst/s_sc_xpm_cdc_async_rst_inst. (constraint file  auto generated constraint).
Applied set_property KEEP_HIERARCHY = SOFT for inst/s00_nodes/s00_b_node/inst/s_sc_xpm_cdc_async_rst_inst. (constraint file  auto generated constraint).
Applied set_property KEEP_HIERARCHY = SOFT for inst/s00_nodes/s00_r_node/inst/s_sc_xpm_cdc_async_rst_inst. (constraint file  auto generated constraint).
Applied set_property KEEP_HIERARCHY = SOFT for inst/s00_nodes/s00_w_node/inst/s_sc_xpm_cdc_async_rst_inst. (constraint file  auto generated constraint).
Applied set_property KEEP_HIERARCHY = SOFT for inst/m00_exit_pipeline/m00_exit/inst/xpm_cdc_async_rst_inst. (constraint file  auto generated constraint).
Applied set_property KEEP_HIERARCHY = SOFT for inst/s00_entry_pipeline/s00_mmu/inst/xpm_cdc_async_rst_inst. (constraint file  auto generated constraint).
Applied set_property KEEP_HIERARCHY = SOFT for inst/s00_entry_pipeline/s00_si_converter/inst/xpm_cdc_async_rst_inst. (constraint file  auto generated constraint).
Applied set_property KEEP_HIERARCHY = SOFT for inst/s00_entry_pipeline/s00_transaction_regulator/inst/xpm_cdc_async_rst_inst. (constraint file  auto generated constraint).
Applied set_property KEEP_HIERARCHY = SOFT for inst/s00_nodes/s00_ar_node/inst/\gen_normal.inst_mi_handler /\gen_normal_area.inst_fifo_node_payld /\gen_xpm_memory_fifo.inst_fifo /\gen_mem_rep[0].inst_xpm_memory . (constraint file  auto generated constraint).
Applied set_property KEEP_HIERARCHY = SOFT for inst/s00_nodes/s00_aw_node/inst/\gen_normal.inst_mi_handler /\gen_normal_area.inst_fifo_node_payld /\gen_xpm_memory_fifo.inst_fifo /\gen_mem_rep[0].inst_xpm_memory . (constraint file  auto generated constraint).
Applied set_property KEEP_HIERARCHY = SOFT for inst/s00_nodes/s00_b_node/inst/\gen_normal.inst_mi_handler /\gen_normal_area.inst_fifo_node_payld /\gen_xpm_memory_fifo.inst_fifo /\gen_mem_rep[0].inst_xpm_memory . (constraint file  auto generated constraint).
Applied set_property KEEP_HIERARCHY = SOFT for inst/s00_nodes/s00_r_node/inst/\gen_normal.inst_mi_handler /\gen_normal_area.inst_fifo_node_payld /\gen_xpm_memory_fifo.inst_fifo /\gen_mem_rep[0].inst_xpm_memory . (constraint file  auto generated constraint).
Applied set_property KEEP_HIERARCHY = SOFT for inst/s00_nodes/s00_w_node/inst/\gen_normal.inst_mi_handler /\gen_normal_area.inst_fifo_node_payld /\gen_xpm_memory_fifo.inst_fifo /\gen_mem_rep[0].inst_xpm_memory . (constraint file  auto generated constraint).
---------------------------------------------------------------------------------
Finished applying 'set_property' XDC Constraints : Time (s): cpu = 00:00:54 ; elapsed = 00:01:03 . Memory (MB): peak = 1740.938 ; gain = 430.934
---------------------------------------------------------------------------------
INFO: [Synth 8-4490] FSM extraction disabled for register 'gen_pipelined.state_reg' through user attribute
INFO: [Synth 8-4490] FSM extraction disabled for register 'gen_pipelined.state_reg' through user attribute
INFO: [Synth 8-4490] FSM extraction disabled for register 'gen_pipelined.state_reg' through user attribute
INFO: [Synth 8-4490] FSM extraction disabled for register 'gen_pipelined.state_reg' through user attribute
INFO: [Synth 8-4490] FSM extraction disabled for register 'gen_pipelined.state_reg' through user attribute
INFO: [Synth 8-4490] FSM extraction disabled for register 'gen_pipelined.state_reg' through user attribute
---------------------------------------------------------------------------------
Finished RTL Optimization Phase 2 : Time (s): cpu = 00:00:58 ; elapsed = 00:01:10 . Memory (MB): peak = 1740.938 ; gain = 430.934
---------------------------------------------------------------------------------
---------------------------------------------------------------------------------
Start RTL Component Statistics 
---------------------------------------------------------------------------------
Detailed RTL Component Info : 
+---Adders : 
	   2 Input   32 Bit       Adders := 2     
	   2 Input    8 Bit       Adders := 5     
	   3 Input    8 Bit       Adders := 2     
	   2 Input    7 Bit       Adders := 2     
	   2 Input    6 Bit       Adders := 31    
	   2 Input    5 Bit       Adders := 5     
	   2 Input    4 Bit       Adders := 13    
	   2 Input    1 Bit       Adders := 3     
	   3 Input    1 Bit       Adders := 2     
+---XORs : 
	   2 Input      1 Bit         XORs := 49    
+---Registers : 
	             2178 Bit    Registers := 2     
	              512 Bit    Registers := 2     
	              190 Bit    Registers := 2     
	              106 Bit    Registers := 1     
	              102 Bit    Registers := 1     
	               64 Bit    Registers := 4     
	               47 Bit    Registers := 1     
	               33 Bit    Registers := 1     
	               32 Bit    Registers := 1     
	               24 Bit    Registers := 1     
	               18 Bit    Registers := 1     
	               16 Bit    Registers := 2     
	               14 Bit    Registers := 1     
	                9 Bit    Registers := 1     
	                8 Bit    Registers := 17    
	                7 Bit    Registers := 6     
	                6 Bit    Registers := 16    
	                5 Bit    Registers := 5     
	                4 Bit    Registers := 17    
	                3 Bit    Registers := 27    
	                2 Bit    Registers := 5     
	                1 Bit    Registers := 158   
+---Muxes : 
	   2 Input 2178 Bit        Muxes := 2     
	   2 Input  512 Bit        Muxes := 2     
	   2 Input   64 Bit        Muxes := 4     
	   2 Input   47 Bit        Muxes := 1     
	   2 Input   33 Bit        Muxes := 1     
	   2 Input   32 Bit        Muxes := 7     
	   2 Input   14 Bit        Muxes := 1     
	   2 Input    9 Bit        Muxes := 1     
	   2 Input    8 Bit        Muxes := 11    
	   2 Input    7 Bit        Muxes := 24    
	   2 Input    6 Bit        Muxes := 6     
	   2 Input    4 Bit        Muxes := 5     
	   4 Input    3 Bit        Muxes := 8     
	  11 Input    3 Bit        Muxes := 8     
	   2 Input    3 Bit        Muxes := 10    
	   2 Input    2 Bit        Muxes := 35    
	   3 Input    2 Bit        Muxes := 1     
	   2 Input    1 Bit        Muxes := 80    
	   6 Input    1 Bit        Muxes := 40    
	  12 Input    1 Bit        Muxes := 8     
	   5 Input    1 Bit        Muxes := 10    
	   3 Input    1 Bit        Muxes := 2     
---------------------------------------------------------------------------------
Finished RTL Component Statistics 
---------------------------------------------------------------------------------
---------------------------------------------------------------------------------
Start Part Resource Summary
---------------------------------------------------------------------------------
Part Resources:
DSPs: 220 (col length:60)
BRAMs: 280 (col length: RAMB18 60 RAMB36 30)
---------------------------------------------------------------------------------
Finished Part Resource Summary
---------------------------------------------------------------------------------
---------------------------------------------------------------------------------
Start Cross Boundary and Area Optimization
---------------------------------------------------------------------------------
---------------------------------------------------------------------------------
Finished Cross Boundary and Area Optimization : Time (s): cpu = 00:01:13 ; elapsed = 00:01:25 . Memory (MB): peak = 1740.938 ; gain = 430.934
---------------------------------------------------------------------------------
---------------------------------------------------------------------------------
Start ROM, RAM, DSP, Shift Register and Retiming Reporting
---------------------------------------------------------------------------------

Distributed RAM: Preliminary Mapping Report (see note below)
+-------------------------------------------------------------------------------------------------------------------------------------------------------------------------------------+----------------------------------+----------------+----------------------+--------------+
|Module Name                                                                                                                                                                          | RTL Object                       | Inference      | Size (Depth x Width) | Primitives   | 
+-------------------------------------------------------------------------------------------------------------------------------------------------------------------------------------+----------------------------------+----------------+----------------------+--------------+
|xpm_memory_sdpram:/xpm_memory_base_inst                                                                                                                                              | gen_wr_a.gen_word_narrow.mem_reg | User Attribute | 32 x 190             | RAM32M x 32  | 
|xpm_memory_sdpram:/xpm_memory_base_inst                                                                                                                                              | gen_wr_a.gen_word_narrow.mem_reg | User Attribute | 32 x 190             | RAM32M x 32  | 
|inst/\s00_nodes/s00_b_node/inst /\gen_normal.inst_mi_handler/gen_normal_area.inst_fifo_node_payld/gen_xpm_memory_fifo.inst_fifo/gen_mem_rep[0].inst_xpm_memory /xpm_memory_base_inst | gen_wr_a.gen_word_narrow.mem_reg | User Attribute | 32 x 24              | RAM32M x 4   | 
|inst/\s00_nodes/s00_r_node/inst /\gen_normal.inst_mi_handler/gen_normal_area.inst_fifo_node_payld/gen_xpm_memory_fifo.inst_fifo/gen_mem_rep[0].inst_xpm_memory /xpm_memory_base_inst | gen_wr_a.gen_word_narrow.mem_reg | User Attribute | 32 x 102             | RAM32M x 17  | 
|inst/\s00_nodes/s00_w_node/inst /\gen_normal.inst_mi_handler/gen_normal_area.inst_fifo_node_payld/gen_xpm_memory_fifo.inst_fifo/gen_mem_rep[0].inst_xpm_memory /xpm_memory_base_inst | gen_wr_a.gen_word_narrow.mem_reg | User Attribute | 32 x 106             | RAM32M x 18  | 
+-------------------------------------------------------------------------------------------------------------------------------------------------------------------------------------+----------------------------------+----------------+----------------------+--------------+

Note: The table above is a preliminary report that shows the Distributed RAMs at the current stage of the synthesis flow. Some Distributed RAMs may be reimplemented as non Distributed RAM primitives later in the synthesis flow. Multiple instantiated RAMs are reported only once.
---------------------------------------------------------------------------------
Finished ROM, RAM, DSP, Shift Register and Retiming Reporting
---------------------------------------------------------------------------------
---------------------------------------------------------------------------------
Start Applying XDC Timing Constraints
---------------------------------------------------------------------------------
---------------------------------------------------------------------------------
Finished Applying XDC Timing Constraints : Time (s): cpu = 00:01:21 ; elapsed = 00:01:33 . Memory (MB): peak = 1740.938 ; gain = 430.934
---------------------------------------------------------------------------------
---------------------------------------------------------------------------------
Start Timing Optimization
---------------------------------------------------------------------------------
---------------------------------------------------------------------------------
Finished Timing Optimization : Time (s): cpu = 00:01:24 ; elapsed = 00:01:36 . Memory (MB): peak = 1740.938 ; gain = 430.934
---------------------------------------------------------------------------------
---------------------------------------------------------------------------------
Start ROM, RAM, DSP, Shift Register and Retiming Reporting
---------------------------------------------------------------------------------

Distributed RAM: Final Mapping Report
+-------------------------------------------------------------------------------------------------------------------------------------------------------------------------------------+----------------------------------+----------------+----------------------+--------------+
|Module Name                                                                                                                                                                          | RTL Object                       | Inference      | Size (Depth x Width) | Primitives   | 
+-------------------------------------------------------------------------------------------------------------------------------------------------------------------------------------+----------------------------------+----------------+----------------------+--------------+
|xpm_memory_sdpram:/xpm_memory_base_inst                                                                                                                                              | gen_wr_a.gen_word_narrow.mem_reg | User Attribute | 32 x 190             | RAM32M x 32  | 
|xpm_memory_sdpram:/xpm_memory_base_inst                                                                                                                                              | gen_wr_a.gen_word_narrow.mem_reg | User Attribute | 32 x 190             | RAM32M x 32  | 
|inst/\s00_nodes/s00_b_node/inst /\gen_normal.inst_mi_handler/gen_normal_area.inst_fifo_node_payld/gen_xpm_memory_fifo.inst_fifo/gen_mem_rep[0].inst_xpm_memory /xpm_memory_base_inst | gen_wr_a.gen_word_narrow.mem_reg | User Attribute | 32 x 24              | RAM32M x 4   | 
|inst/\s00_nodes/s00_r_node/inst /\gen_normal.inst_mi_handler/gen_normal_area.inst_fifo_node_payld/gen_xpm_memory_fifo.inst_fifo/gen_mem_rep[0].inst_xpm_memory /xpm_memory_base_inst | gen_wr_a.gen_word_narrow.mem_reg | User Attribute | 32 x 102             | RAM32M x 17  | 
|inst/\s00_nodes/s00_w_node/inst /\gen_normal.inst_mi_handler/gen_normal_area.inst_fifo_node_payld/gen_xpm_memory_fifo.inst_fifo/gen_mem_rep[0].inst_xpm_memory /xpm_memory_base_inst | gen_wr_a.gen_word_narrow.mem_reg | User Attribute | 32 x 106             | RAM32M x 18  | 
+-------------------------------------------------------------------------------------------------------------------------------------------------------------------------------------+----------------------------------+----------------+----------------------+--------------+

---------------------------------------------------------------------------------
Finished ROM, RAM, DSP, Shift Register and Retiming Reporting
---------------------------------------------------------------------------------
---------------------------------------------------------------------------------
Start Technology Mapping
---------------------------------------------------------------------------------
---------------------------------------------------------------------------------
Finished Technology Mapping : Time (s): cpu = 00:01:26 ; elapsed = 00:01:38 . Memory (MB): peak = 1740.938 ; gain = 430.934
---------------------------------------------------------------------------------
---------------------------------------------------------------------------------
Start IO Insertion
---------------------------------------------------------------------------------
---------------------------------------------------------------------------------
Start Flattening Before IO Insertion
---------------------------------------------------------------------------------
---------------------------------------------------------------------------------
Finished Flattening Before IO Insertion
---------------------------------------------------------------------------------
---------------------------------------------------------------------------------
Start Final Netlist Cleanup
---------------------------------------------------------------------------------
---------------------------------------------------------------------------------
Finished Final Netlist Cleanup
---------------------------------------------------------------------------------
---------------------------------------------------------------------------------
Finished IO Insertion : Time (s): cpu = 00:01:33 ; elapsed = 00:01:46 . Memory (MB): peak = 1740.938 ; gain = 430.934
---------------------------------------------------------------------------------
---------------------------------------------------------------------------------
Start Renaming Generated Instances
---------------------------------------------------------------------------------
---------------------------------------------------------------------------------
Finished Renaming Generated Instances : Time (s): cpu = 00:01:33 ; elapsed = 00:01:46 . Memory (MB): peak = 1740.938 ; gain = 430.934
---------------------------------------------------------------------------------
---------------------------------------------------------------------------------
Start Rebuilding User Hierarchy
---------------------------------------------------------------------------------
---------------------------------------------------------------------------------
Finished Rebuilding User Hierarchy : Time (s): cpu = 00:01:34 ; elapsed = 00:01:47 . Memory (MB): peak = 1740.938 ; gain = 430.934
---------------------------------------------------------------------------------
---------------------------------------------------------------------------------
Start Renaming Generated Ports
---------------------------------------------------------------------------------
---------------------------------------------------------------------------------
Finished Renaming Generated Ports : Time (s): cpu = 00:01:34 ; elapsed = 00:01:47 . Memory (MB): peak = 1740.938 ; gain = 430.934
---------------------------------------------------------------------------------
---------------------------------------------------------------------------------
Start Handling Custom Attributes
---------------------------------------------------------------------------------
---------------------------------------------------------------------------------
Finished Handling Custom Attributes : Time (s): cpu = 00:01:34 ; elapsed = 00:01:47 . Memory (MB): peak = 1740.938 ; gain = 430.934
---------------------------------------------------------------------------------
---------------------------------------------------------------------------------
Start Renaming Generated Nets
---------------------------------------------------------------------------------
---------------------------------------------------------------------------------
Finished Renaming Generated Nets : Time (s): cpu = 00:01:34 ; elapsed = 00:01:47 . Memory (MB): peak = 1740.938 ; gain = 430.934
---------------------------------------------------------------------------------
---------------------------------------------------------------------------------
Start ROM, RAM, DSP, Shift Register and Retiming Reporting
---------------------------------------------------------------------------------

Dynamic Shift Register Report:
+------------+---------------+--------+------------+--------+---------+--------+--------+--------+
|Module Name | RTL Name      | Length | Data Width | SRL16E | SRLC32E | Mux F7 | Mux F8 | Mux F9 | 
+------------+---------------+--------+------------+--------+---------+--------+--------+--------+
|dsrl        | shift_reg_reg | 16     | 1          | 1      | 0       | 0      | 0      | 0      | 
|dsrl__119   | shift_reg_reg | 16     | 1          | 1      | 0       | 0      | 0      | 0      | 
+------------+---------------+--------+------------+--------+---------+--------+--------+--------+

---------------------------------------------------------------------------------
Finished ROM, RAM, DSP, Shift Register and Retiming Reporting
---------------------------------------------------------------------------------
---------------------------------------------------------------------------------
Start Writing Synthesis Report
---------------------------------------------------------------------------------

Report BlackBoxes: 
+-+--------------+----------+
| |BlackBox name |Instances |
+-+--------------+----------+
+-+--------------+----------+

Report Cell Usage: 
+------+-------+------+
|      |Cell   |Count |
+------+-------+------+
|1     |CARRY4 |    32|
|2     |LUT1   |    77|
|3     |LUT2   |    93|
|4     |LUT3   |   215|
|5     |LUT4   |   122|
|6     |LUT5   |   132|
|7     |LUT6   |   380|
|8     |RAM32M |    56|
|9     |SRL16  |     1|
|10    |SRL16E |    21|
|11    |FDCE   |    42|
|12    |FDR    |     4|
|13    |FDRE   |   812|
|14    |FDSE   |    59|
+------+-------+------+
---------------------------------------------------------------------------------
Finished Writing Synthesis Report : Time (s): cpu = 00:01:34 ; elapsed = 00:01:47 . Memory (MB): peak = 1740.938 ; gain = 430.934
---------------------------------------------------------------------------------
Synthesis finished with 0 errors, 0 critical warnings and 0 warnings.
Synthesis Optimization Runtime : Time (s): cpu = 00:00:48 ; elapsed = 00:01:18 . Memory (MB): peak = 1740.938 ; gain = 77.059
Synthesis Optimization Complete : Time (s): cpu = 00:01:34 ; elapsed = 00:01:47 . Memory (MB): peak = 1740.938 ; gain = 430.934
INFO: [Project 1-571] Translating synthesized netlist
Netlist sorting complete. Time (s): cpu = 00:00:01 ; elapsed = 00:00:00.485 . Memory (MB): peak = 1740.938 ; gain = 0.000
INFO: [Netlist 29-17] Analyzing 93 Unisim elements for replacement
INFO: [Netlist 29-28] Unisim Transformation completed in 0 CPU seconds
INFO: [Project 1-570] Preparing netlist for logic optimization
INFO: [Opt 31-138] Pushed 0 inverter(s) to 0 load pin(s).
Netlist sorting complete. Time (s): cpu = 00:00:00 ; elapsed = 00:00:00.002 . Memory (MB): peak = 1740.938 ; gain = 0.000
INFO: [Project 1-111] Unisim Transformation Summary:
  A total of 61 instances were transformed.
  FDR => FDRE: 4 instances
  RAM32M => RAM32M (RAMD32(x6), RAMS32(x2)): 56 instances
  SRL16 => SRL16E: 1 instance 

Synth Design complete, checksum: d4d1b5e
INFO: [Common 17-83] Releasing license: Synthesis
110 Infos, 13 Warnings, 0 Critical Warnings and 0 Errors encountered.
synth_design completed successfully
synth_design: Time (s): cpu = 00:01:41 ; elapsed = 00:01:58 . Memory (MB): peak = 1740.938 ; gain = 430.934
INFO: [Common 17-1381] The checkpoint 'C:/Users/STPH/yolo_v2/yolo_v2.runs/design_1_smartconnect_0_0_synth_1/design_1_smartconnect_0_0.dcp' has been generated.
INFO: [Coretcl 2-1648] Added synthesis output to IP cache for IP design_1_smartconnect_0_0, cache-ID = 45f020e899321458
INFO: [Coretcl 2-1174] Renamed 129 cell refs.
INFO: [Common 17-1381] The checkpoint 'C:/Users/STPH/yolo_v2/yolo_v2.runs/design_1_smartconnect_0_0_synth_1/design_1_smartconnect_0_0.dcp' has been generated.
INFO: [runtcl-4] Executing : report_utilization -file design_1_smartconnect_0_0_utilization_synth.rpt -pb design_1_smartconnect_0_0_utilization_synth.pb
INFO: [Common 17-206] Exiting Vivado at Fri Oct 15 13:29:27 2021...
